# JRE version: OpenJDK Runtime Environment (11.0.9.1+1) (build 11.0.9.1+1-post-Debian-1deb10u2)
# Java VM: OpenJDK 64-Bit Server VM (11.0.9.1+1-post-Debian-1deb10u2, mixed mode, sharing, tiered, compressed oops, parallel gc, linux-amd64)
Heap:
 PSYoungGen      total 39936K, used 0K [0x00000000eab00000, 0x00000000ed880000, 0x0000000100000000)
  eden space 33280K, 0% used [0x00000000eab00000,0x00000000eab00000,0x00000000ecb80000)
  from space 6656K, 0% used [0x00000000ecb80000,0x00000000ecb80000,0x00000000ed200000)
  to   space 6656K, 0% used [0x00000000ed200000,0x00000000ed200000,0x00000000ed880000)
 ParOldGen       total 240640K, used 238980K [0x00000000c0000000, 0x00000000ceb00000, 0x00000000eab00000)
  object space 240640K, 99% used [0x00000000c0000000,0x00000000ce961110,0x00000000ceb00000)
 Metaspace       used 49264K, capacity 52132K, committed 52440K, reserved 1095680K
  class space    used 5049K, capacity 6071K, committed 6104K, reserved 1048576K
GC Heap History (20 events):
Event: 27.909 GC heap after
{Heap after GC invocations=59 (full 6):
 PSYoungGen      total 23552K, used 4404K [0x00000000eab00000, 0x00000000ecd00000, 0x0000000100000000)
  eden space 18944K, 0% used [0x00000000eab00000,0x00000000eab00000,0x00000000ebd80000)
  from space 4608K, 95% used [0x00000000ebd80000,0x00000000ec1cd288,0x00000000ec200000)
  to   space 6656K, 0% used [0x00000000ec680000,0x00000000ec680000,0x00000000ecd00000)
 ParOldGen       total 240640K, used 190933K [0x00000000c0000000, 0x00000000ceb00000, 0x00000000eab00000)
  object space 240640K, 79% used [0x00000000c0000000,0x00000000cba75458,0x00000000ceb00000)
 Metaspace       used 49263K, capacity 52132K, committed 52440K, reserved 1095680K
  class space    used 5049K, capacity 6071K, committed 6104K, reserved 1048576K
}
Event: 28.001 GC heap before
{Heap before GC invocations=60 (full 6):
 PSYoungGen      total 23552K, used 23348K [0x00000000eab00000, 0x00000000ecd00000, 0x0000000100000000)
  eden space 18944K, 100% used [0x00000000eab00000,0x00000000ebd80000,0x00000000ebd80000)
  from space 4608K, 95% used [0x00000000ebd80000,0x00000000ec1cd288,0x00000000ec200000)
  to   space 6656K, 0% used [0x00000000ec680000,0x00000000ec680000,0x00000000ecd00000)
 ParOldGen       total 240640K, used 190933K [0x00000000c0000000, 0x00000000ceb00000, 0x00000000eab00000)
  object space 240640K, 79% used [0x00000000c0000000,0x00000000cba75458,0x00000000ceb00000)
 Metaspace       used 49263K, capacity 52132K, committed 52440K, reserved 1095680K
  class space    used 5049K, capacity 6071K, committed 6104K, reserved 1048576K
}
Event: 28.021 GC heap after
{Heap after GC invocations=60 (full 6):
 PSYoungGen      total 25088K, used 6633K [0x00000000eab00000, 0x00000000ed300000, 0x0000000100000000)
  eden space 18432K, 0% used [0x00000000eab00000,0x00000000eab00000,0x00000000ebd00000)
  from space 6656K, 99% used [0x00000000ec680000,0x00000000eccfa450,0x00000000ecd00000)
  to   space 9728K, 0% used [0x00000000ebd00000,0x00000000ebd00000,0x00000000ec680000)
 ParOldGen       total 240640K, used 193011K [0x00000000c0000000, 0x00000000ceb00000, 0x00000000eab00000)
  object space 240640K, 80% used [0x00000000c0000000,0x00000000cbc7ce60,0x00000000ceb00000)
 Metaspace       used 49263K, capacity 52132K, committed 52440K, reserved 1095680K
  class space    used 5049K, capacity 6071K, committed 6104K, reserved 1048576K
}
Event: 28.099 GC heap before
{Heap before GC invocations=61 (full 6):
 PSYoungGen      total 25088K, used 25065K [0x00000000eab00000, 0x00000000ed300000, 0x0000000100000000)
  eden space 18432K, 100% used [0x00000000eab00000,0x00000000ebd00000,0x00000000ebd00000)
  from space 6656K, 99% used [0x00000000ec680000,0x00000000eccfa450,0x00000000ecd00000)
  to   space 9728K, 0% used [0x00000000ebd00000,0x00000000ebd00000,0x00000000ec680000)
 ParOldGen       total 240640K, used 193011K [0x00000000c0000000, 0x00000000ceb00000, 0x00000000eab00000)
  object space 240640K, 80% used [0x00000000c0000000,0x00000000cbc7ce60,0x00000000ceb00000)
 Metaspace       used 49263K, capacity 52132K, committed 52440K, reserved 1095680K
  class space    used 5049K, capacity 6071K, committed 6104K, reserved 1048576K
}
Event: 28.129 GC heap after
{Heap after GC invocations=61 (full 6):
 PSYoungGen      total 23040K, used 4141K [0x00000000eab00000, 0x00000000ecb80000, 0x0000000100000000)
  eden space 18432K, 0% used [0x00000000eab00000,0x00000000eab00000,0x00000000ebd00000)
  from space 4608K, 89% used [0x00000000ebd00000,0x00000000ec10b668,0x00000000ec180000)
  to   space 6144K, 0% used [0x00000000ec580000,0x00000000ec580000,0x00000000ecb80000)
 ParOldGen       total 240640K, used 199625K [0x00000000c0000000, 0x00000000ceb00000, 0x00000000eab00000)
  object space 240640K, 82% used [0x00000000c0000000,0x00000000cc2f27e0,0x00000000ceb00000)
 Metaspace       used 49263K, capacity 52132K, committed 52440K, reserved 1095680K
  class space    used 5049K, capacity 6071K, committed 6104K, reserved 1048576K
}
Event: 28.245 GC heap before
{Heap before GC invocations=62 (full 6):
 PSYoungGen      total 23040K, used 22573K [0x00000000eab00000, 0x00000000ecb80000, 0x0000000100000000)
  eden space 18432K, 100% used [0x00000000eab00000,0x00000000ebd00000,0x00000000ebd00000)
  from space 4608K, 89% used [0x00000000ebd00000,0x00000000ec10b668,0x00000000ec180000)
  to   space 6144K, 0% used [0x00000000ec580000,0x00000000ec580000,0x00000000ecb80000)
 ParOldGen       total 240640K, used 199625K [0x00000000c0000000, 0x00000000ceb00000, 0x00000000eab00000)
  object space 240640K, 82% used [0x00000000c0000000,0x00000000cc2f27e0,0x00000000ceb00000)
 Metaspace       used 49263K, capacity 52132K, committed 52440K, reserved 1095680K
  class space    used 5049K, capacity 6071K, committed 6104K, reserved 1048576K
}
Event: 28.262 GC heap after
{Heap after GC invocations=62 (full 6):
 PSYoungGen      total 24576K, used 3848K [0x00000000eab00000, 0x00000000ec980000, 0x0000000100000000)
  eden space 20480K, 0% used [0x00000000eab00000,0x00000000eab00000,0x00000000ebf00000)
  from space 4096K, 93% used [0x00000000ec580000,0x00000000ec942388,0x00000000ec980000)
  to   space 4608K, 0% used [0x00000000ec080000,0x00000000ec080000,0x00000000ec500000)
 ParOldGen       total 240640K, used 203744K [0x00000000c0000000, 0x00000000ceb00000, 0x00000000eab00000)
  object space 240640K, 84% used [0x00000000c0000000,0x00000000cc6f80c8,0x00000000ceb00000)
 Metaspace       used 49263K, capacity 52132K, committed 52440K, reserved 1095680K
  class space    used 5049K, capacity 6071K, committed 6104K, reserved 1048576K
}
Event: 28.527 GC heap before
{Heap before GC invocations=63 (full 6):
 PSYoungGen      total 24576K, used 24328K [0x00000000eab00000, 0x00000000ec980000, 0x0000000100000000)
  eden space 20480K, 100% used [0x00000000eab00000,0x00000000ebf00000,0x00000000ebf00000)
  from space 4096K, 93% used [0x00000000ec580000,0x00000000ec942388,0x00000000ec980000)
  to   space 4608K, 0% used [0x00000000ec080000,0x00000000ec080000,0x00000000ec500000)
 ParOldGen       total 240640K, used 203744K [0x00000000c0000000, 0x00000000ceb00000, 0x00000000eab00000)
  object space 240640K, 84% used [0x00000000c0000000,0x00000000cc6f80c8,0x00000000ceb00000)
 Metaspace       used 49263K, capacity 52132K, committed 52440K, reserved 1095680K
  class space    used 5049K, capacity 6071K, committed 6104K, reserved 1048576K
}
Event: 28.543 GC heap after
{Heap after GC invocations=63 (full 6):
 PSYoungGen      total 26624K, used 4578K [0x00000000eab00000, 0x00000000ed980000, 0x0000000100000000)
  eden space 22016K, 0% used [0x00000000eab00000,0x00000000eab00000,0x00000000ec080000)
  from space 4608K, 99% used [0x00000000ec080000,0x00000000ec4f8a68,0x00000000ec500000)
  to   space 12288K, 0% used [0x00000000ecd80000,0x00000000ecd80000,0x00000000ed980000)
 ParOldGen       total 240640K, used 209990K [0x00000000c0000000, 0x00000000ceb00000, 0x00000000eab00000)
  object space 240640K, 87% used [0x00000000c0000000,0x00000000ccd11828,0x00000000ceb00000)
 Metaspace       used 49263K, capacity 52132K, committed 52440K, reserved 1095680K
  class space    used 5049K, capacity 6071K, committed 6104K, reserved 1048576K
}
Event: 28.638 GC heap before
{Heap before GC invocations=64 (full 6):
 PSYoungGen      total 26624K, used 26594K [0x00000000eab00000, 0x00000000ed980000, 0x0000000100000000)
  eden space 22016K, 100% used [0x00000000eab00000,0x00000000ec080000,0x00000000ec080000)
  from space 4608K, 99% used [0x00000000ec080000,0x00000000ec4f8a68,0x00000000ec500000)
  to   space 12288K, 0% used [0x00000000ecd80000,0x00000000ecd80000,0x00000000ed980000)
 ParOldGen       total 240640K, used 209990K [0x00000000c0000000, 0x00000000ceb00000, 0x00000000eab00000)
  object space 240640K, 87% used [0x00000000c0000000,0x00000000ccd11828,0x00000000ceb00000)
 Metaspace       used 49263K, capacity 52132K, committed 52440K, reserved 1095680K
  class space    used 5049K, capacity 6071K, committed 6104K, reserved 1048576K
}
Event: 28.652 GC heap after
{Heap after GC invocations=64 (full 6):
 PSYoungGen      total 29184K, used 4559K [0x00000000eab00000, 0x00000000ed200000, 0x0000000100000000)
  eden space 24576K, 0% used [0x00000000eab00000,0x00000000eab00000,0x00000000ec300000)
  from space 4608K, 98% used [0x00000000ecd80000,0x00000000ed1f3d28,0x00000000ed200000)
  to   space 7168K, 0% used [0x00000000ec400000,0x00000000ec400000,0x00000000ecb00000)
 ParOldGen       total 240640K, used 214592K [0x00000000c0000000, 0x00000000ceb00000, 0x00000000eab00000)
  object space 240640K, 89% used [0x00000000c0000000,0x00000000cd190350,0x00000000ceb00000)
 Metaspace       used 49263K, capacity 52132K, committed 52440K, reserved 1095680K
  class space    used 5049K, capacity 6071K, committed 6104K, reserved 1048576K
}
Event: 28.933 GC heap before
{Heap before GC invocations=65 (full 6):
 PSYoungGen      total 29184K, used 29135K [0x00000000eab00000, 0x00000000ed200000, 0x0000000100000000)
  eden space 24576K, 100% used [0x00000000eab00000,0x00000000ec300000,0x00000000ec300000)
  from space 4608K, 98% used [0x00000000ecd80000,0x00000000ed1f3d28,0x00000000ed200000)
  to   space 7168K, 0% used [0x00000000ec400000,0x00000000ec400000,0x00000000ecb00000)
 ParOldGen       total 240640K, used 214592K [0x00000000c0000000, 0x00000000ceb00000, 0x00000000eab00000)
  object space 240640K, 89% used [0x00000000c0000000,0x00000000cd190350,0x00000000ceb00000)
 Metaspace       used 49264K, capacity 52132K, committed 52440K, reserved 1095680K
  class space    used 5049K, capacity 6071K, committed 6104K, reserved 1048576K
}
Event: 28.947 GC heap after
{Heap after GC invocations=65 (full 6):
 PSYoungGen      total 32768K, used 7145K [0x00000000eab00000, 0x00000000edb80000, 0x0000000100000000)
  eden space 25600K, 0% used [0x00000000eab00000,0x00000000eab00000,0x00000000ec400000)
  from space 7168K, 99% used [0x00000000ec400000,0x00000000ecafa610,0x00000000ecb00000)
  to   space 11264K, 0% used [0x00000000ed080000,0x00000000ed080000,0x00000000edb80000)
 ParOldGen       total 240640K, used 217412K [0x00000000c0000000, 0x00000000ceb00000, 0x00000000eab00000)
  object space 240640K, 90% used [0x00000000c0000000,0x00000000cd451020,0x00000000ceb00000)
 Metaspace       used 49264K, capacity 52132K, committed 52440K, reserved 1095680K
  class space    used 5049K, capacity 6071K, committed 6104K, reserved 1048576K
}
Event: 29.101 GC heap before
{Heap before GC invocations=66 (full 6):
 PSYoungGen      total 32768K, used 32745K [0x00000000eab00000, 0x00000000edb80000, 0x0000000100000000)
  eden space 25600K, 100% used [0x00000000eab00000,0x00000000ec400000,0x00000000ec400000)
  from space 7168K, 99% used [0x00000000ec400000,0x00000000ecafa610,0x00000000ecb00000)
  to   space 11264K, 0% used [0x00000000ed080000,0x00000000ed080000,0x00000000edb80000)
 ParOldGen       total 240640K, used 217412K [0x00000000c0000000, 0x00000000ceb00000, 0x00000000eab00000)
  object space 240640K, 90% used [0x00000000c0000000,0x00000000cd451020,0x00000000ceb00000)
 Metaspace       used 49264K, capacity 52132K, committed 52440K, reserved 1095680K
  class space    used 5049K, capacity 6071K, committed 6104K, reserved 1048576K
}
Event: 30.283 GC heap after
{Heap after GC invocations=66 (full 6):
 PSYoungGen      total 35328K, used 5691K [0x00000000eab00000, 0x00000000ed680000, 0x0000000100000000)
  eden space 29184K, 0% used [0x00000000eab00000,0x00000000eab00000,0x00000000ec780000)
  from space 6144K, 92% used [0x00000000ed080000,0x00000000ed60eea0,0x00000000ed680000)
  to   space 7680K, 0% used [0x00000000ec780000,0x00000000ec780000,0x00000000ecf00000)
 ParOldGen       total 240640K, used 224637K [0x00000000c0000000, 0x00000000ceb00000, 0x00000000eab00000)
  object space 240640K, 93% used [0x00000000c0000000,0x00000000cdb5f610,0x00000000ceb00000)
 Metaspace       used 49264K, capacity 52132K, committed 52440K, reserved 1095680K
  class space    used 5049K, capacity 6071K, committed 6104K, reserved 1048576K
}
Event: 31.109 GC heap before
{Heap before GC invocations=67 (full 6):
 PSYoungGen      total 35328K, used 34875K [0x00000000eab00000, 0x00000000ed680000, 0x0000000100000000)
  eden space 29184K, 100% used [0x00000000eab00000,0x00000000ec780000,0x00000000ec780000)
  from space 6144K, 92% used [0x00000000ed080000,0x00000000ed60eea0,0x00000000ed680000)
  to   space 7680K, 0% used [0x00000000ec780000,0x00000000ec780000,0x00000000ecf00000)
 ParOldGen       total 240640K, used 224637K [0x00000000c0000000, 0x00000000ceb00000, 0x00000000eab00000)
  object space 240640K, 93% used [0x00000000c0000000,0x00000000cdb5f610,0x00000000ceb00000)
 Metaspace       used 49264K, capacity 52132K, committed 52440K, reserved 1095680K
  class space    used 5049K, capacity 6071K, committed 6104K, reserved 1048576K
}
Event: 31.137 GC heap after
{Heap after GC invocations=67 (full 6):
 PSYoungGen      total 36864K, used 6741K [0x00000000eab00000, 0x00000000ed900000, 0x0000000100000000)
  eden space 29184K, 0% used [0x00000000eab00000,0x00000000eab00000,0x00000000ec780000)
  from space 7680K, 87% used [0x00000000ec780000,0x00000000ece156f8,0x00000000ecf00000)
  to   space 7168K, 0% used [0x00000000ed200000,0x00000000ed200000,0x00000000ed900000)
 ParOldGen       total 240640K, used 230380K [0x00000000c0000000, 0x00000000ceb00000, 0x00000000eab00000)
  object space 240640K, 95% used [0x00000000c0000000,0x00000000ce0fb288,0x00000000ceb00000)
 Metaspace       used 49264K, capacity 52132K, committed 52440K, reserved 1095680K
  class space    used 5049K, capacity 6071K, committed 6104K, reserved 1048576K
}
Event: 31.833 GC heap before
{Heap before GC invocations=68 (full 6):
 PSYoungGen      total 36864K, used 35925K [0x00000000eab00000, 0x00000000ed900000, 0x0000000100000000)
  eden space 29184K, 100% used [0x00000000eab00000,0x00000000ec780000,0x00000000ec780000)
  from space 7680K, 87% used [0x00000000ec780000,0x00000000ece156f8,0x00000000ecf00000)
  to   space 7168K, 0% used [0x00000000ed200000,0x00000000ed200000,0x00000000ed900000)
 ParOldGen       total 240640K, used 230380K [0x00000000c0000000, 0x00000000ceb00000, 0x00000000eab00000)
  object space 240640K, 95% used [0x00000000c0000000,0x00000000ce0fb288,0x00000000ceb00000)
 Metaspace       used 49264K, capacity 52132K, committed 52440K, reserved 1095680K
  class space    used 5049K, capacity 6071K, committed 6104K, reserved 1048576K
}
Event: 33.297 GC heap after
{Heap after GC invocations=68 (full 6):
 PSYoungGen      total 39936K, used 6239K [0x00000000eab00000, 0x00000000ed880000, 0x0000000100000000)
  eden space 33280K, 0% used [0x00000000eab00000,0x00000000eab00000,0x00000000ecb80000)
  from space 6656K, 93% used [0x00000000ed200000,0x00000000ed817c38,0x00000000ed880000)
  to   space 6656K, 0% used [0x00000000ecb80000,0x00000000ecb80000,0x00000000ed200000)
 ParOldGen       total 240640K, used 237037K [0x00000000c0000000, 0x00000000ceb00000, 0x00000000eab00000)
  object space 240640K, 98% used [0x00000000c0000000,0x00000000ce77b720,0x00000000ceb00000)
 Metaspace       used 49264K, capacity 52132K, committed 52440K, reserved 1095680K
  class space    used 5049K, capacity 6071K, committed 6104K, reserved 1048576K
}
Event: 33.298 GC heap before
{Heap before GC invocations=69 (full 7):
 PSYoungGen      total 39936K, used 6239K [0x00000000eab00000, 0x00000000ed880000, 0x0000000100000000)
  eden space 33280K, 0% used [0x00000000eab00000,0x00000000eab00000,0x00000000ecb80000)
  from space 6656K, 93% used [0x00000000ed200000,0x00000000ed817c38,0x00000000ed880000)
  to   space 6656K, 0% used [0x00000000ecb80000,0x00000000ecb80000,0x00000000ed200000)
 ParOldGen       total 240640K, used 237037K [0x00000000c0000000, 0x00000000ceb00000, 0x00000000eab00000)
  object space 240640K, 98% used [0x00000000c0000000,0x00000000ce77b720,0x00000000ceb00000)
 Metaspace       used 49264K, capacity 52132K, committed 52440K, reserved 1095680K
  class space    used 5049K, capacity 6071K, committed 6104K, reserved 1048576K
}

